<?xml version="1.0" encoding="UTF-8"?>
<!-- Generated by org.testng.reporters.JUnitXMLReporter -->
<testsuite hostname="PC10356" name="Default test" tests="2" failures="0" timestamp="21 Mar 2016 21:24:38 GMT" time="4.238" errors="0">
  <testcase name="getFoodTest" time="3.969" classname="com.steffyfinalproject.springboot.restassured.RestAssured"/>
  <testcase name="postCreateFood" time="0.22" classname="com.steffyfinalproject.springboot.restassured.RestAssured"/>
</testsuite> <!-- Default test -->
